Arguments: 
  /Users/josephcheung/.nvm/versions/node/v8.9.1/bin/node /Users/josephcheung/.nvm/versions/node/v8.9.1/bin/yarn start

PATH: 
  /usr/local/opt/python/libexec/bin:/Users/josephcheung/.local/bin:/Users/josephcheung/.nvm/versions/node/v8.9.1/bin:/usr/local/bin:/usr/bin:/bin:/usr/sbin:/sbin:/usr/local/go/bin:/Applications/Postgres.app/Contents/Versions/latest/bin:/Users/josephcheung/workspace/go/bin

Yarn version: 
  1.5.1

Node version: 
  8.9.1

Platform: 
  darwin x64

npm manifest: 
  {
    "name": "typescript-advanced-example",
    "version": "0.1.0",
    "description": "How to use Vesper Framework with TypeScript - advanced example",
    "license": "MIT",
    "readmeFilename": "README.md",
    "author": {
      "name": "Umed Khudoiberdiev",
      "email": "pleerock.me@gmail.com"
    },
    "repository": {
      "type": "git",
      "url": "https://github.com/vesper-framework/typescript-advanced-example.git"
    },
    "bugs": {
      "url": "https://github.com/vesper-framework/typescript-advanced-example/issues"
    },
    "tags": [
      "vesper",
      "vesper-typescript-example"
    ],
    "dependencies": {
      "vesper": "^0.1.0",
      "sqlite3": "^4.0.0"
    },
    "scripts": {
      "compile": "tsc",
      "start": "npm run compile && node ./src/index.js"
    },
    "devDependencies": {
      "typescript": "^2.7.2"
    }
  }

yarn manifest: 
  No manifest

Lockfile: 
  No lockfile

Trace: 
  Error: Command failed.
  Exit code: 1
  Command: sh
  Arguments: -c npm run compile && node ./src/index.js
  Directory: /Users/josephcheung/workspace/zeep/repos/typescript-advanced-example
  Output:
  
      at ProcessTermError.MessageError (/Users/josephcheung/.nvm/versions/node/v8.9.1/lib/node_modules/yarn/lib/cli.js:186:110)
      at new ProcessTermError (/Users/josephcheung/.nvm/versions/node/v8.9.1/lib/node_modules/yarn/lib/cli.js:226:113)
      at ChildProcess.<anonymous> (/Users/josephcheung/.nvm/versions/node/v8.9.1/lib/node_modules/yarn/lib/cli.js:30281:17)
      at emitTwo (events.js:126:13)
      at ChildProcess.emit (events.js:214:7)
      at maybeClose (internal/child_process.js:925:16)
      at Process.ChildProcess._handle.onexit (internal/child_process.js:209:5)
